GL_LOG_FILE log. local time Tue Aug 17 20:20:06 2021
intializing engine || Tue Aug 17 20:20:06 2021
creating context window || Tue Aug 17 20:20:06 2021
 || Tue Aug 17 20:20:06 2021
importing texture... || Tue Aug 17 20:20:06 2021
 || Tue Aug 17 20:20:06 2021
 || Tue Aug 17 20:20:06 2021
importing shader files... || Tue Aug 17 20:20:06 2021
 || Tue Aug 17 20:20:06 2021
vertex shader: || Tue Aug 17 20:20:06 2021
================= || Tue Aug 17 20:20:06 2021
#version 400

layout (location=0) in vec3 vp; // vertice position
layout (location=1) in vec3 vc; // vertice color
layout (location=2) in vec2 st; // vertice st

out vec3 output_color;
out vec2 tex_coord;

void main() {
  gl_Position = vec4(vp, 1.0);
  output_color = vc;
  tex_coord = st;
} || Tue Aug 17 20:20:06 2021
================= || Tue Aug 17 20:20:06 2021
 || Tue Aug 17 20:20:06 2021
 || Tue Aug 17 20:20:06 2021
fragment shader || Tue Aug 17 20:20:06 2021
================= || Tue Aug 17 20:20:06 2021
#version 400

in vec3 output_color;
in vec2 tex_coord;

uniform sampler2D texture;

out vec4 frag_colour;

void main(){
    frag_colour = texture(texture, tex_coord) * vec4(output_color.xyz, 1);
} || Tue Aug 17 20:20:06 2021
================= || Tue Aug 17 20:20:06 2021
 || Tue Aug 17 20:20:06 2021
 || Tue Aug 17 20:20:06 2021
creating shaders || Tue Aug 17 20:20:06 2021
creating program || Tue Aug 17 20:20:06 2021
rendering loop || Tue Aug 17 20:20:06 2021
terminating || Tue Aug 17 20:20:07 2021
